Statistical profiling result from isolate-0x3638d80-11191-v8.log, (179 ticks, 0 unaccounted, 0 excluded).

 [Shared libraries]:
   ticks  total  nonlib   name
     74   41.3%          /home/user/ub/4a/softeng/nodejs/node-v12.19.0-linux-x64/bin/node
      4    2.2%          /usr/lib/x86_64-linux-gnu/libc-2.31.so

 [JavaScript]:
   ticks  total  nonlib   name
      3    1.7%    3.0%  LazyCompile: *normalizeString path.js:52:25
      1    0.6%    1.0%  RegExp: [^\t\x20-\x7e\x80-\xff]

 [C++]:
   ticks  total  nonlib   name
     33   18.4%   32.7%  node::native_module::NativeModuleEnv::CompileFunction(v8::FunctionCallbackInfo<v8::Value> const&)
     12    6.7%   11.9%  node::contextify::ContextifyContext::CompileFunction(v8::FunctionCallbackInfo<v8::Value> const&)
     12    6.7%   11.9%  __write
      9    5.0%    8.9%  epoll_pwait
      3    1.7%    3.0%  node::fs::InternalModuleStat(v8::FunctionCallbackInfo<v8::Value> const&)
      3    1.7%    3.0%  node::binding::GetInternalBinding(v8::FunctionCallbackInfo<v8::Value> const&)
      2    1.1%    2.0%  std::ostream::sentry::sentry(std::ostream&)
      2    1.1%    2.0%  node::fs::InternalModuleReadJSON(v8::FunctionCallbackInfo<v8::Value> const&)
      2    1.1%    2.0%  fwrite
      2    1.1%    2.0%  do_futex_wait.constprop.0
      2    1.1%    2.0%  __pthread_cond_timedwait
      2    1.1%    2.0%  __GI___pthread_mutex_unlock
      1    0.6%    1.0%  v8::internal::Scope::DeclareLocal(v8::internal::AstRawString const*, v8::internal::VariableMode, v8::internal::VariableKind, bool*, v8::internal::InitializationFlag)
      1    0.6%    1.0%  v8::internal::Expression::IsPrivateName() const
      1    0.6%    1.0%  v8::internal::DeclarationScope::DeclareDefaultFunctionVariables(v8::internal::AstValueFactory*)
      1    0.6%    1.0%  v8::internal::Compiler::Compile(v8::internal::Handle<v8::internal::JSFunction>, v8::internal::Compiler::ClearExceptionFlag, v8::internal::IsCompiledScope*)
      1    0.6%    1.0%  v8::internal::Builtin_ArrayPop(int, unsigned long*, v8::internal::Isolate*)
      1    0.6%    1.0%  v8::internal::Accessors::ErrorStackGetter(v8::Local<v8::Name>, v8::PropertyCallbackInfo<v8::Value> const&)
      1    0.6%    1.0%  std::basic_ostream<char, std::char_traits<char> >& std::__ostream_insert<char, std::char_traits<char> >(std::basic_ostream<char, std::char_traits<char> >&, char const*, long)
      1    0.6%    1.0%  node::fs::Open(v8::FunctionCallbackInfo<v8::Value> const&)
      1    0.6%    1.0%  node::crypto::CreateNativeKeyObjectClass(v8::FunctionCallbackInfo<v8::Value> const&)
      1    0.6%    1.0%  node::Environment::CheckImmediate(uv_check_s*)
      1    0.6%    1.0%  __lll_lock_wait
      1    0.6%    1.0%  __libc_malloc
      1    0.6%    1.0%  _IO_file_xsputn

 [Summary]:
   ticks  total  nonlib   name
      4    2.2%    4.0%  JavaScript
     97   54.2%   96.0%  C++
     18   10.1%   17.8%  GC
     78   43.6%          Shared libraries

 [C++ entry points]:
   ticks    cpp   total   name
     55   73.3%   30.7%  v8::internal::Builtin_HandleApiCall(int, unsigned long*, v8::internal::Isolate*)
      5    6.7%    2.8%  __write
      4    5.3%    2.2%  v8::internal::Builtin_JsonParse(int, unsigned long*, v8::internal::Isolate*)
      2    2.7%    1.1%  fwrite
      1    1.3%    0.6%  v8::internal::Scope::DeclareLocal(v8::internal::AstRawString const*, v8::internal::VariableMode, v8::internal::VariableKind, bool*, v8::internal::InitializationFlag)
      1    1.3%    0.6%  v8::internal::Expression::IsPrivateName() const
      1    1.3%    0.6%  v8::internal::Compiler::Compile(v8::internal::Handle<v8::internal::JSFunction>, v8::internal::Compiler::ClearExceptionFlag, v8::internal::IsCompiledScope*)
      1    1.3%    0.6%  v8::internal::Builtin_ErrorCaptureStackTrace(int, unsigned long*, v8::internal::Isolate*)
      1    1.3%    0.6%  v8::internal::Builtin_ArrayPop(int, unsigned long*, v8::internal::Isolate*)
      1    1.3%    0.6%  v8::internal::Accessors::ErrorStackGetter(v8::Local<v8::Name>, v8::PropertyCallbackInfo<v8::Value> const&)
      1    1.3%    0.6%  node::task_queue::RunMicrotasks(v8::FunctionCallbackInfo<v8::Value> const&)
      1    1.3%    0.6%  node::inspector::(anonymous namespace)::InspectorConsoleCall(v8::FunctionCallbackInfo<v8::Value> const&)
      1    1.3%    0.6%  __libc_malloc

 [Bottom up (heavy) profile]:
  Note: percentage shows a share of a particular caller in the total
  amount of its parent calls.
  Callers occupying less than 1.0% are not shown.

   ticks parent  name
     74   41.3%  /home/user/ub/4a/softeng/nodejs/node-v12.19.0-linux-x64/bin/node
     40   54.1%    /home/user/ub/4a/softeng/nodejs/node-v12.19.0-linux-x64/bin/node
      6   15.0%      LazyCompile: ~emit events.js:262:44
      5   83.3%        LazyCompile: ~parserOnIncoming _http_server.js:716:26
      5  100.0%          LazyCompile: ~parserOnHeadersComplete _http_common.js:77:33
      6   15.0%      /home/user/ub/4a/softeng/nodejs/node-v12.19.0-linux-x64/bin/node
      1   16.7%        LazyCompile: ~toIdentifier /home/user/ub/4a/softeng/development/is115/UBEats/backend/node_modules/toidentifier/index.js:22:23
      1  100.0%          LazyCompile: ~forEachCode /home/user/ub/4a/softeng/development/is115/UBEats/backend/node_modules/http-errors/index.js:243:38
      1  100.0%            /home/user/ub/4a/softeng/nodejs/node-v12.19.0-linux-x64/bin/node
      1   16.7%        LazyCompile: ~shouldUseNative /home/user/ub/4a/softeng/development/is115/UBEats/backend/node_modules/object-assign/index.js:21:25
      1  100.0%          Eval: ~<anonymous> /home/user/ub/4a/softeng/development/is115/UBEats/backend/node_modules/object-assign/index.js:1:1
      1  100.0%            LazyCompile: ~Module._compile internal/modules/cjs/loader.js:969:37
      1   16.7%        LazyCompile: ~populateStatusesMap /home/user/ub/4a/softeng/development/is115/UBEats/backend/node_modules/statuses/index.js:60:30
      1  100.0%          Eval: ~<anonymous> /home/user/ub/4a/softeng/development/is115/UBEats/backend/node_modules/statuses/index.js:1:1
      1  100.0%            LazyCompile: ~Module._compile internal/modules/cjs/loader.js:969:37
      1   16.7%        LazyCompile: ~populateMaps /home/user/ub/4a/softeng/development/is115/UBEats/backend/node_modules/mime-types/index.js:154:23
      1  100.0%          Eval: ~<anonymous> /home/user/ub/4a/softeng/development/is115/UBEats/backend/node_modules/mime-types/index.js:1:1
      1  100.0%            LazyCompile: ~Module._compile internal/modules/cjs/loader.js:969:37
      1   16.7%        LazyCompile: ~parse /home/user/ub/4a/softeng/development/is115/UBEats/backend/node_modules/bytes/index.js:137:15
      1  100.0%          LazyCompile: ~json /home/user/ub/4a/softeng/development/is115/UBEats/backend/node_modules/body-parser/lib/types/json.js:50:15
      1  100.0%            Eval: ~<anonymous> /home/user/ub/4a/softeng/development/is115/UBEats/backend/index.js:1:1
      1   16.7%        LazyCompile: ~config /home/user/ub/4a/softeng/development/is115/UBEats/backend/node_modules/dotenv/lib/main.js:77:17
      1  100.0%          Eval: ~<anonymous> /home/user/ub/4a/softeng/development/is115/UBEats/backend/index.js:1:1
      1  100.0%            LazyCompile: ~Module._compile internal/modules/cjs/loader.js:969:37
      1    2.5%      LazyCompile: ~setupGlobalProxy internal/bootstrap/node.js:291:26
      1  100.0%        Eval: ~<anonymous> internal/bootstrap/node.js:1:1
      1    2.5%      LazyCompile: ~setStreamTimeout internal/stream_base_commons.js:241:26
      1  100.0%        LazyCompile: ~connectionListenerInternal _http_server.js:401:36
      1  100.0%          LazyCompile: ~defaultTriggerAsyncIdScope internal/async_hooks.js:355:36
      1  100.0%            LazyCompile: ~connectionListener _http_server.js:395:28
      1    2.5%      LazyCompile: ~resolve path.js:973:10
      1  100.0%        LazyCompile: ~readPackage internal/modules/cjs/loader.js:251:21
      1  100.0%          LazyCompile: ~readPackageScope internal/modules/cjs/loader.js:282:26
      1  100.0%            LazyCompile: ~trySelf internal/modules/cjs/loader.js:403:17
      1    2.5%      LazyCompile: ~maybeCacheSourceMap internal/source_map/source_map_cache.js:45:29
      1  100.0%        LazyCompile: ~Module._compile internal/modules/cjs/loader.js:969:37
      1  100.0%          LazyCompile: ~Module._extensions..js internal/modules/cjs/loader.js:1024:37
      1  100.0%            LazyCompile: ~Module.load internal/modules/cjs/loader.js:867:33
      1    2.5%      LazyCompile: ~makeNodeErrorWithCode internal/errors.js:251:31
      1  100.0%        LazyCompile: ~E internal/errors.js:325:11
      1  100.0%          Eval: ~<anonymous> internal/errors.js:1:1
      1  100.0%            LazyCompile: ~compileForInternalLoader internal/bootstrap/loaders.js:264:27
      1    2.5%      LazyCompile: ~listOnTimeout internal/timers.js:502:25
      1  100.0%        LazyCompile: ~processTimers internal/timers.js:482:25
      1    2.5%      LazyCompile: ~join path.js:1033:7
      1  100.0%        Eval: ~<anonymous> /home/user/ub/4a/softeng/development/is115/UBEats/backend/index.js:1:1
      1  100.0%          LazyCompile: ~Module._compile internal/modules/cjs/loader.js:969:37
      1  100.0%            LazyCompile: ~Module._extensions..js internal/modules/cjs/loader.js:1024:37
      1    2.5%      LazyCompile: ~isignored /home/user/ub/4a/softeng/development/is115/UBEats/backend/node_modules/morgan/node_modules/depd/index.js:153:20
      1  100.0%        LazyCompile: ~depd /home/user/ub/4a/softeng/development/is115/UBEats/backend/node_modules/morgan/node_modules/depd/index.js:103:15
      1  100.0%          Eval: ~<anonymous> /home/user/ub/4a/softeng/development/is115/UBEats/backend/node_modules/morgan/index.js:1:1
      1  100.0%            LazyCompile: ~Module._compile internal/modules/cjs/loader.js:969:37
      1    2.5%      LazyCompile: ~isUint32 internal/validators.js:30:18
      1  100.0%        LazyCompile: ~readFileSync fs.js:361:22
      1  100.0%          LazyCompile: ~Module._extensions..js internal/modules/cjs/loader.js:1024:37
      1  100.0%            LazyCompile: ~Module.load internal/modules/cjs/loader.js:867:33
      1    2.5%      LazyCompile: ~Writer /home/user/ub/4a/softeng/development/is115/UBEats/backend/node_modules/pg-protocol/dist/buffer-writer.js:5:16
      1  100.0%        Eval: ~<anonymous> /home/user/ub/4a/softeng/development/is115/UBEats/backend/node_modules/pg-protocol/dist/serializer.js:1:1
      1  100.0%          LazyCompile: ~Module._compile internal/modules/cjs/loader.js:969:37
      1  100.0%            LazyCompile: ~Module._extensions..js internal/modules/cjs/loader.js:1024:37
      1    2.5%      LazyCompile: ~Socket.end net.js:591:32
      1  100.0%        LazyCompile: ~socketOnEnd _http_server.js:539:21
      1  100.0%          LazyCompile: ~emit events.js:262:44
      1  100.0%            LazyCompile: ~endReadableNT _stream_readable.js:1216:23
      1    2.5%      LazyCompile: ~Socket._write net.js:799:35
      1  100.0%        LazyCompile: ~doWrite _stream_writable.js:393:17
      1  100.0%          LazyCompile: ~writeOrBuffer _stream_writable.js:355:23
      1  100.0%            LazyCompile: ~Writable.write _stream_writable.js:291:36
      1    2.5%      LazyCompile: ~Module.load internal/modules/cjs/loader.js:867:33
      1  100.0%        LazyCompile: ~Module._load internal/modules/cjs/loader.js:668:24
      1  100.0%          LazyCompile: ~Module.require internal/modules/cjs/loader.js:895:36
      1  100.0%            LazyCompile: ~require internal/modules/cjs/helpers.js:73:31
      1    2.5%      LazyCompile: ~Module._load internal/modules/cjs/loader.js:668:24
      1  100.0%        LazyCompile: ~Module.require internal/modules/cjs/loader.js:895:36
      1  100.0%          LazyCompile: ~require internal/modules/cjs/helpers.js:73:31
      1  100.0%            Eval: ~<anonymous> /home/user/ub/4a/softeng/development/is115/UBEats/backend/node_modules/safer-buffer/safer.js:1:1
      1    2.5%      LazyCompile: ~Module._findPath internal/modules/cjs/loader.js:456:28
      1  100.0%        LazyCompile: ~Module._resolveFilename internal/modules/cjs/loader.js:747:35
      1  100.0%          LazyCompile: ~Module._load internal/modules/cjs/loader.js:668:24
      1  100.0%            LazyCompile: ~Module.require internal/modules/cjs/loader.js:895:36
      1    2.5%      LazyCompile: ~Module._extensions..js internal/modules/cjs/loader.js:1024:37
      1  100.0%        LazyCompile: ~Module.load internal/modules/cjs/loader.js:867:33
      1  100.0%          LazyCompile: ~Module._load internal/modules/cjs/loader.js:668:24
      1  100.0%            LazyCompile: ~executeUserEntryPoint internal/modules/run_main.js:53:31
      1    2.5%      LazyCompile: ~Module internal/modules/cjs/loader.js:160:16
      1  100.0%        LazyCompile: ~Module._load internal/modules/cjs/loader.js:668:24
      1  100.0%          LazyCompile: ~executeUserEntryPoint internal/modules/run_main.js:53:31
      1  100.0%            Eval: ~<anonymous> internal/main/run_main_module.js:1:1
      1    2.5%      LazyCompile: ~Mime.define /home/user/ub/4a/softeng/development/is115/UBEats/backend/node_modules/mime/mime.js:21:34
      1  100.0%        Eval: ~<anonymous> /home/user/ub/4a/softeng/development/is115/UBEats/backend/node_modules/mime/mime.js:1:1
      1  100.0%          LazyCompile: ~Module._compile internal/modules/cjs/loader.js:969:37
      1  100.0%            LazyCompile: ~Module._extensions..js internal/modules/cjs/loader.js:1024:37
      1    2.5%      LazyCompile: ~HTTPServerAsyncResource _http_server.js:148:14
      1  100.0%        LazyCompile: ~connectionListenerInternal _http_server.js:401:36
      1  100.0%          LazyCompile: ~defaultTriggerAsyncIdScope internal/async_hooks.js:355:36
      1  100.0%            LazyCompile: ~connectionListener _http_server.js:395:28
      1    2.5%      LazyCompile: ~EventEmitter.init events.js:129:29
      1  100.0%        LazyCompile: ~EventEmitter events.js:63:22
      1  100.0%          LazyCompile: ~Pool /home/user/ub/4a/softeng/development/is115/UBEats/backend/node_modules/pg-pool/index.js:62:14
      1  100.0%            LazyCompile: ~BoundPool /home/user/ub/4a/softeng/development/is115/UBEats/backend/node_modules/pg/lib/index.js:10:16
      1    2.5%      Eval: ~<anonymous> zlib.js:1:1
      1  100.0%        LazyCompile: ~compileForInternalLoader internal/bootstrap/loaders.js:264:27
      1  100.0%          LazyCompile: ~compileForPublicLoader internal/bootstrap/loaders.js:213:25
      1  100.0%            LazyCompile: ~loadNativeModule internal/modules/cjs/helpers.js:22:26
      1    2.5%      Eval: ~<anonymous> internal/url.js:1:1
      1  100.0%        LazyCompile: ~compileForInternalLoader internal/bootstrap/loaders.js:264:27
      1  100.0%          LazyCompile: ~nativeModuleRequire internal/bootstrap/loaders.js:297:29
      1  100.0%            Eval: ~<anonymous> internal/bootstrap/node.js:1:1
      1    2.5%      Eval: ~<anonymous> /home/user/ub/4a/softeng/development/is115/UBEats/backend/node_modules/raw-body/index.js:1:1
      1  100.0%        LazyCompile: ~Module._compile internal/modules/cjs/loader.js:969:37
      1  100.0%          LazyCompile: ~Module._extensions..js internal/modules/cjs/loader.js:1024:37
      1  100.0%            LazyCompile: ~Module.load internal/modules/cjs/loader.js:867:33
      1    2.5%      Eval: ~<anonymous> /home/user/ub/4a/softeng/development/is115/UBEats/backend/node_modules/pg-types/index.js:1:1
      1  100.0%        LazyCompile: ~Module._compile internal/modules/cjs/loader.js:969:37
      1  100.0%          LazyCompile: ~Module._extensions..js internal/modules/cjs/loader.js:1024:37
      1  100.0%            LazyCompile: ~Module.load internal/modules/cjs/loader.js:867:33
      1    2.5%      Eval: ~<anonymous> /home/user/ub/4a/softeng/development/is115/UBEats/backend/node_modules/ipaddr.js/lib/ipaddr.js:199:26
      1  100.0%        Eval: ~<anonymous> /home/user/ub/4a/softeng/development/is115/UBEats/backend/node_modules/ipaddr.js/lib/ipaddr.js:1:10
      1  100.0%          Eval: ~<anonymous> /home/user/ub/4a/softeng/development/is115/UBEats/backend/node_modules/ipaddr.js/lib/ipaddr.js:1:1
      1  100.0%            LazyCompile: ~Module._compile internal/modules/cjs/loader.js:969:37
      1    2.5%      Eval: ~<anonymous> /home/user/ub/4a/softeng/development/is115/UBEats/backend/node_modules/debug/src/node.js:1:1
      1  100.0%        LazyCompile: ~Module._compile internal/modules/cjs/loader.js:969:37
      1  100.0%          LazyCompile: ~Module._extensions..js internal/modules/cjs/loader.js:1024:37
      1  100.0%            LazyCompile: ~Module.load internal/modules/cjs/loader.js:867:33
      4    5.4%    v8::internal::Builtin_JsonParse(int, unsigned long*, v8::internal::Isolate*)
      3   75.0%      LazyCompile: ~readPackage internal/modules/cjs/loader.js:251:21
      3  100.0%        LazyCompile: ~resolveExports internal/modules/cjs/loader.js:434:24
      3  100.0%          LazyCompile: ~Module._findPath internal/modules/cjs/loader.js:456:28
      3  100.0%            LazyCompile: ~Module._resolveFilename internal/modules/cjs/loader.js:747:35
      1   25.0%      LazyCompile: ~Module._extensions..json internal/modules/cjs/loader.js:1040:39
      1  100.0%        LazyCompile: ~Module.load internal/modules/cjs/loader.js:867:33
      1  100.0%          LazyCompile: ~Module._load internal/modules/cjs/loader.js:668:24
      1  100.0%            LazyCompile: ~Module.require internal/modules/cjs/loader.js:895:36
      2    2.7%    LazyCompile: ~Module._nodeModulePaths internal/modules/cjs/loader.js:587:37
      2  100.0%      LazyCompile: ~Module.load internal/modules/cjs/loader.js:867:33
      2  100.0%        LazyCompile: ~Module._load internal/modules/cjs/loader.js:668:24
      2  100.0%          LazyCompile: ~Module.require internal/modules/cjs/loader.js:895:36
      2  100.0%            LazyCompile: ~require internal/modules/cjs/helpers.js:73:31
      1    1.4%    v8::internal::Builtin_ErrorCaptureStackTrace(int, unsigned long*, v8::internal::Isolate*)
      1  100.0%      LazyCompile: ~getStack /home/user/ub/4a/softeng/development/is115/UBEats/backend/node_modules/depd/index.js:365:19
      1  100.0%        LazyCompile: ~depd /home/user/ub/4a/softeng/development/is115/UBEats/backend/node_modules/depd/index.js:105:15
      1  100.0%          Eval: ~<anonymous> /home/user/ub/4a/softeng/development/is115/UBEats/backend/node_modules/body-parser/lib/types/urlencoded.js:1:1
      1  100.0%            LazyCompile: ~Module._compile internal/modules/cjs/loader.js:969:37
      1    1.4%    LazyCompile: ~resolve path.js:973:10
      1  100.0%      LazyCompile: ~readPackage internal/modules/cjs/loader.js:251:21
      1  100.0%        LazyCompile: ~readPackageScope internal/modules/cjs/loader.js:282:26
      1  100.0%          LazyCompile: ~Module._extensions..js internal/modules/cjs/loader.js:1024:37
      1  100.0%            LazyCompile: ~Module.load internal/modules/cjs/loader.js:867:33
      1    1.4%    LazyCompile: ~realpathSync fs.js:1562:22
      1  100.0%      LazyCompile: ~toRealPath internal/modules/cjs/loader.js:355:20
      1  100.0%        LazyCompile: ~tryFile internal/modules/cjs/loader.js:346:17
      1  100.0%          LazyCompile: ~tryExtensions internal/modules/cjs/loader.js:362:23
      1  100.0%            LazyCompile: ~Module._findPath internal/modules/cjs/loader.js:456:28
      1    1.4%    LazyCompile: ~pathtoRegexp /home/user/ub/4a/softeng/development/is115/UBEats/backend/node_modules/path-to-regexp/index.js:28:22
      1  100.0%      LazyCompile: ~Layer /home/user/ub/4a/softeng/development/is115/UBEats/backend/node_modules/express/lib/router/layer.js:33:15
      1  100.0%        LazyCompile: ~route /home/user/ub/4a/softeng/development/is115/UBEats/backend/node_modules/express/lib/router/index.js:491:29
      1  100.0%          LazyCompile: ~proto.<computed> /home/user/ub/4a/softeng/development/is115/UBEats/backend/node_modules/express/lib/router/index.js:508:27
      1  100.0%            Eval: ~<anonymous> /home/user/ub/4a/softeng/development/is115/UBEats/backend/routes/index.js:1:1
      1    1.4%    LazyCompile: ~normalizeString path.js:52:25
      1  100.0%      LazyCompile: ~resolve path.js:973:10
      1  100.0%        LazyCompile: ~readPackage internal/modules/cjs/loader.js:251:21
      1  100.0%          LazyCompile: ~tryPackage internal/modules/cjs/loader.js:299:20
      1  100.0%            LazyCompile: ~Module._findPath internal/modules/cjs/loader.js:456:28
      1    1.4%    LazyCompile: ~nativeModuleRequire internal/bootstrap/loaders.js:297:29
      1  100.0%      Eval: ~<anonymous> internal/assert/assertion_error.js:1:1
      1  100.0%        LazyCompile: ~compileForInternalLoader internal/bootstrap/loaders.js:264:27
      1  100.0%          LazyCompile: ~nativeModuleRequire internal/bootstrap/loaders.js:297:29
      1  100.0%            Eval: ~<anonymous> assert.js:1:1
      1    1.4%    LazyCompile: ~internalBinding internal/bootstrap/loaders.js:133:45
      1  100.0%      LazyCompile: ~wrapSafe internal/modules/cjs/loader.js:915:18
      1  100.0%        LazyCompile: ~Module._compile internal/modules/cjs/loader.js:969:37
      1  100.0%          LazyCompile: ~Module._extensions..js internal/modules/cjs/loader.js:1024:37
      1  100.0%            LazyCompile: ~Module.load internal/modules/cjs/loader.js:867:33
      1    1.4%    LazyCompile: ~get _stream_duplex.js:76:8
      1  100.0%      /home/user/ub/4a/softeng/nodejs/node-v12.19.0-linux-x64/bin/node
      1  100.0%        LazyCompile: ~onwrite _stream_writable.js:431:17
      1  100.0%          LazyCompile: ~afterWriteDispatched internal/stream_base_commons.js:151:30
      1  100.0%            LazyCompile: ~writeGeneric internal/stream_base_commons.js:143:22
      1    1.4%    LazyCompile: ~assertEncoding internal/fs/utils.js:83:24
      1  100.0%      LazyCompile: ~getOptions internal/fs/utils.js:245:20
      1  100.0%        LazyCompile: ~readFileSync fs.js:361:22
      1  100.0%          LazyCompile: ~Module._extensions..js internal/modules/cjs/loader.js:1024:37
      1  100.0%            LazyCompile: ~Module.load internal/modules/cjs/loader.js:867:33
      1    1.4%    LazyCompile: ~allocate buffer.js:406:18
      1  100.0%      LazyCompile: ~allocUnsafe buffer.js:381:42
      1  100.0%        LazyCompile: ~tryCreateBuffer fs.js:334:25
      1  100.0%          LazyCompile: ~readFileSync fs.js:361:22
      1  100.0%            LazyCompile: ~Module._extensions..js internal/modules/cjs/loader.js:1024:37
      1    1.4%    LazyCompile: ~_send _http_outgoing.js:286:49
      1  100.0%      /home/user/ub/4a/softeng/nodejs/node-v12.19.0-linux-x64/bin/node
      1  100.0%        node::task_queue::RunMicrotasks(v8::FunctionCallbackInfo<v8::Value> const&)
      1  100.0%          LazyCompile: ~processTicksAndRejections internal/process/task_queues.js:69:35
      1    1.4%    LazyCompile: ~Readable.removeListener _stream_readable.js:903:45
      1  100.0%      LazyCompile: ~onceWrapper events.js:415:21
      1  100.0%        LazyCompile: ~emit events.js:262:44
      1    1.4%    LazyCompile: ~Module._findPath internal/modules/cjs/loader.js:456:28
      1  100.0%      LazyCompile: ~Module._resolveFilename internal/modules/cjs/loader.js:747:35
      1  100.0%        LazyCompile: ~Module._load internal/modules/cjs/loader.js:668:24
      1  100.0%          LazyCompile: ~Module.require internal/modules/cjs/loader.js:895:36
      1  100.0%            LazyCompile: ~require internal/modules/cjs/helpers.js:73:31
      1    1.4%    LazyCompile: ~<anonymous> internal/per_context/primordials.js:23:10
      1  100.0%      LazyCompile: ~isUint8Array internal/util/types.js:22:22
      1  100.0%        LazyCompile: ~<anonymous> internal/fs/utils.js:283:35
      1  100.0%          LazyCompile: ~hidden internal/errors.js:282:25
      1  100.0%            LazyCompile: ~<anonymous> internal/fs/utils.js:579:38
      1    1.4%    Eval: ~<anonymous> internal/modules/cjs/loader.js:1:1
      1  100.0%      LazyCompile: ~compileForInternalLoader internal/bootstrap/loaders.js:264:27
      1  100.0%        LazyCompile: ~nativeModuleRequire internal/bootstrap/loaders.js:297:29
      1  100.0%          LazyCompile: ~initializeCJSLoader internal/bootstrap/pre_execution.js:404:29
      1  100.0%            LazyCompile: ~prepareMainThreadExecution internal/bootstrap/pre_execution.js:17:36
      1    1.4%    Eval: ~<anonymous> internal/buffer.js:1:1
      1  100.0%      LazyCompile: ~compileForInternalLoader internal/bootstrap/loaders.js:264:27
      1  100.0%        LazyCompile: ~nativeModuleRequire internal/bootstrap/loaders.js:297:29
      1  100.0%          Eval: ~<anonymous> buffer.js:1:1
      1  100.0%            LazyCompile: ~compileForInternalLoader internal/bootstrap/loaders.js:264:27

     33   18.4%  node::native_module::NativeModuleEnv::CompileFunction(v8::FunctionCallbackInfo<v8::Value> const&)
     33  100.0%    v8::internal::Builtin_HandleApiCall(int, unsigned long*, v8::internal::Isolate*)
     33  100.0%      LazyCompile: ~compileForInternalLoader internal/bootstrap/loaders.js:264:27
     32   97.0%        LazyCompile: ~nativeModuleRequire internal/bootstrap/loaders.js:297:29
      4   12.5%          Eval: ~<anonymous> internal/bootstrap/node.js:1:1
      2    6.3%          LazyCompile: ~initializeCJSLoader internal/bootstrap/pre_execution.js:404:29
      2  100.0%            LazyCompile: ~prepareMainThreadExecution internal/bootstrap/pre_execution.js:17:36
      2    6.3%          Eval: ~<anonymous> stream.js:1:1
      2  100.0%            LazyCompile: ~compileForInternalLoader internal/bootstrap/loaders.js:264:27
      2    6.3%          Eval: ~<anonymous> http.js:1:1
      2  100.0%            LazyCompile: ~compileForInternalLoader internal/bootstrap/loaders.js:264:27
      2    6.3%          Eval: ~<anonymous> fs.js:1:1
      2  100.0%            LazyCompile: ~compileForInternalLoader internal/bootstrap/loaders.js:264:27
      2    6.3%          Eval: ~<anonymous> events.js:1:1
      2  100.0%            LazyCompile: ~compileForInternalLoader internal/bootstrap/loaders.js:264:27
      2    6.3%          Eval: ~<anonymous> crypto.js:1:1
      2  100.0%            LazyCompile: ~compileForInternalLoader internal/bootstrap/loaders.js:264:27
      1    3.1%          LazyCompile: ~setupPrepareStackTrace internal/bootstrap/node.js:252:32
      1  100.0%            Eval: ~<anonymous> internal/bootstrap/node.js:1:1
      1    3.1%          LazyCompile: ~setupBuffer internal/bootstrap/node.js:330:21
      1  100.0%            Eval: ~<anonymous> internal/bootstrap/node.js:1:1
      1    3.1%          LazyCompile: ~get fs.js:2067:8
      1  100.0%            /home/user/ub/4a/softeng/nodejs/node-v12.19.0-linux-x64/bin/node
      1    3.1%          Eval: ~<anonymous> url.js:1:1
      1  100.0%            LazyCompile: ~compileForInternalLoader internal/bootstrap/loaders.js:264:27
      1    3.1%          Eval: ~<anonymous> tty.js:1:1
      1  100.0%            LazyCompile: ~compileForInternalLoader internal/bootstrap/loaders.js:264:27
      1    3.1%          Eval: ~<anonymous> timers.js:1:1
      1  100.0%            LazyCompile: ~compileForInternalLoader internal/bootstrap/loaders.js:264:27
      1    3.1%          Eval: ~<anonymous> internal/url.js:1:1
      1  100.0%            LazyCompile: ~compileForInternalLoader internal/bootstrap/loaders.js:264:27
      1    3.1%          Eval: ~<anonymous> internal/source_map/source_map_cache.js:1:1
      1  100.0%            LazyCompile: ~compileForInternalLoader internal/bootstrap/loaders.js:264:27
      1    3.1%          Eval: ~<anonymous> internal/modules/esm/module_map.js:1:1
      1  100.0%            LazyCompile: ~compileForInternalLoader internal/bootstrap/loaders.js:264:27
      1    3.1%          Eval: ~<anonymous> internal/modules/esm/loader.js:1:1
      1  100.0%            LazyCompile: ~compileForInternalLoader internal/bootstrap/loaders.js:264:27
      1    3.1%          Eval: ~<anonymous> internal/main/run_main_module.js:1:1
      1    3.1%          Eval: ~<anonymous> internal/console/global.js:1:1
      1  100.0%            LazyCompile: ~compileForInternalLoader internal/bootstrap/loaders.js:264:27
      1    3.1%          Eval: ~<anonymous> internal/child_process.js:1:1
      1  100.0%            LazyCompile: ~compileForInternalLoader internal/bootstrap/loaders.js:264:27
      1    3.1%          Eval: ~<anonymous> cluster.js:1:1
      1  100.0%            LazyCompile: ~compileForInternalLoader internal/bootstrap/loaders.js:264:27
      1    3.1%          Eval: ~<anonymous> child_process.js:1:1
      1  100.0%            LazyCompile: ~compileForInternalLoader internal/bootstrap/loaders.js:264:27
      1    3.1%          Eval: ~<anonymous> _http_client.js:1:1
      1  100.0%            LazyCompile: ~compileForInternalLoader internal/bootstrap/loaders.js:264:27
      1    3.0%        LazyCompile: ~compileForPublicLoader internal/bootstrap/loaders.js:213:25
      1  100.0%          LazyCompile: ~loadNativeModule internal/modules/cjs/helpers.js:22:26
      1  100.0%            LazyCompile: ~Module._load internal/modules/cjs/loader.js:668:24

     12    6.7%  node::contextify::ContextifyContext::CompileFunction(v8::FunctionCallbackInfo<v8::Value> const&)
     12  100.0%    v8::internal::Builtin_HandleApiCall(int, unsigned long*, v8::internal::Isolate*)
     12  100.0%      LazyCompile: ~wrapSafe internal/modules/cjs/loader.js:915:18
     12  100.0%        LazyCompile: ~Module._compile internal/modules/cjs/loader.js:969:37
     12  100.0%          LazyCompile: ~Module._extensions..js internal/modules/cjs/loader.js:1024:37
     12  100.0%            LazyCompile: ~Module.load internal/modules/cjs/loader.js:867:33

     12    6.7%  __write
      5   41.7%    /home/user/ub/4a/softeng/nodejs/node-v12.19.0-linux-x64/bin/node
      1   20.0%      LazyCompile: ~setupTraceCategoryState internal/bootstrap/pre_execution.js:209:33
      1  100.0%        LazyCompile: ~prepareMainThreadExecution internal/bootstrap/pre_execution.js:17:36
      1  100.0%          Eval: ~<anonymous> internal/main/run_main_module.js:1:1
      1   20.0%      LazyCompile: ~realpathSync fs.js:1562:22
      1  100.0%        LazyCompile: ~toRealPath internal/modules/cjs/loader.js:355:20
      1  100.0%          LazyCompile: ~Module._findPath internal/modules/cjs/loader.js:456:28
      1  100.0%            LazyCompile: ~resolveMainPath internal/modules/run_main.js:8:25
      1   20.0%      LazyCompile: ~nextTick internal/process/task_queues.js:105:18
      1  100.0%        LazyCompile: ~defaultTriggerAsyncIdScope internal/async_hooks.js:355:36
      1  100.0%          LazyCompile: ~setupListenHandle net.js:1270:27
      1  100.0%            LazyCompile: ~listenInCluster net.js:1355:25
      1   20.0%      LazyCompile: ~emit events.js:262:44
      1  100.0%        LazyCompile: ~emit events.js:262:44
      1   20.0%      Eval: ~<anonymous> dns.js:1:1
      1  100.0%        LazyCompile: ~compileForInternalLoader internal/bootstrap/loaders.js:264:27
      1  100.0%          LazyCompile: ~compileForPublicLoader internal/bootstrap/loaders.js:213:25
      1  100.0%            LazyCompile: ~loadNativeModule internal/modules/cjs/helpers.js:22:26

      9    5.0%  epoll_pwait

      4    2.2%  /usr/lib/x86_64-linux-gnu/libc-2.31.so
      3   75.0%    /home/user/ub/4a/softeng/nodejs/node-v12.19.0-linux-x64/bin/node
      1   33.3%      LazyCompile: ~Module._load internal/modules/cjs/loader.js:668:24
      1  100.0%        LazyCompile: ~Module.require internal/modules/cjs/loader.js:895:36
      1  100.0%          LazyCompile: ~require internal/modules/cjs/helpers.js:73:31
      1  100.0%            Eval: ~<anonymous> /home/user/ub/4a/softeng/development/is115/UBEats/backend/node_modules/split2/node_modules/readable-stream/lib/internal/streams/buffer_list.js:1:1
      1   33.3%      LazyCompile: *normalizeString path.js:52:25
      1  100.0%        LazyCompile: ~resolve path.js:973:10
      1  100.0%          LazyCompile: ~Module._findPath internal/modules/cjs/loader.js:456:28
      1  100.0%            LazyCompile: ~Module._resolveFilename internal/modules/cjs/loader.js:747:35
      1   33.3%      /home/user/ub/4a/softeng/nodejs/node-v12.19.0-linux-x64/bin/node
      1  100.0%        LazyCompile: ~readPackage internal/modules/cjs/loader.js:251:21
      1  100.0%          LazyCompile: ~readPackageScope internal/modules/cjs/loader.js:282:26
      1  100.0%            LazyCompile: ~trySelf internal/modules/cjs/loader.js:403:17

      3    1.7%  node::fs::InternalModuleStat(v8::FunctionCallbackInfo<v8::Value> const&)
      3  100.0%    v8::internal::Builtin_HandleApiCall(int, unsigned long*, v8::internal::Isolate*)
      3  100.0%      LazyCompile: ~stat internal/modules/cjs/loader.js:143:14
      2   66.7%        LazyCompile: ~tryFile internal/modules/cjs/loader.js:346:17
      1   50.0%          LazyCompile: ~tryPackage internal/modules/cjs/loader.js:299:20
      1  100.0%            LazyCompile: ~Module._findPath internal/modules/cjs/loader.js:456:28
      1   50.0%          LazyCompile: ~tryExtensions internal/modules/cjs/loader.js:362:23
      1  100.0%            LazyCompile: ~Module._findPath internal/modules/cjs/loader.js:456:28
      1   33.3%        LazyCompile: ~Module._findPath internal/modules/cjs/loader.js:456:28
      1  100.0%          LazyCompile: ~Module._resolveFilename internal/modules/cjs/loader.js:747:35
      1  100.0%            LazyCompile: ~Module._load internal/modules/cjs/loader.js:668:24

      3    1.7%  node::binding::GetInternalBinding(v8::FunctionCallbackInfo<v8::Value> const&)
      3  100.0%    v8::internal::Builtin_HandleApiCall(int, unsigned long*, v8::internal::Isolate*)
      3  100.0%      LazyCompile: ~internalBinding internal/bootstrap/loaders.js:133:45
      1   33.3%        LazyCompile: ~startListeningIfSignal internal/process/signal.js:21:32
      1  100.0%          LazyCompile: ~emit events.js:262:44
      1  100.0%            LazyCompile: ~_addListener events.js:342:22
      1   33.3%        Eval: ~<anonymous> internal/util.js:1:1
      1  100.0%          LazyCompile: ~compileForInternalLoader internal/bootstrap/loaders.js:264:27
      1  100.0%            LazyCompile: ~nativeModuleRequire internal/bootstrap/loaders.js:297:29
      1   33.3%        Eval: ~<anonymous> crypto.js:1:1
      1  100.0%          LazyCompile: ~compileForInternalLoader internal/bootstrap/loaders.js:264:27
      1  100.0%            LazyCompile: ~compileForPublicLoader internal/bootstrap/loaders.js:213:25

      3    1.7%  LazyCompile: *normalizeString path.js:52:25
      3  100.0%    LazyCompile: ~resolve path.js:973:10
      1   33.3%      LazyCompile: ~resolveExports internal/modules/cjs/loader.js:434:24
      1  100.0%        LazyCompile: ~Module._findPath internal/modules/cjs/loader.js:456:28
      1  100.0%          LazyCompile: ~Module._resolveFilename internal/modules/cjs/loader.js:747:35
      1  100.0%            LazyCompile: ~Module._load internal/modules/cjs/loader.js:668:24
      1   33.3%      LazyCompile: ~realpathSync fs.js:1562:22
      1  100.0%        LazyCompile: ~toRealPath internal/modules/cjs/loader.js:355:20
      1  100.0%          LazyCompile: ~tryFile internal/modules/cjs/loader.js:346:17
      1  100.0%            LazyCompile: ~tryExtensions internal/modules/cjs/loader.js:362:23
      1   33.3%      LazyCompile: ~readPackage internal/modules/cjs/loader.js:251:21
      1  100.0%        LazyCompile: ~readPackageScope internal/modules/cjs/loader.js:282:26
      1  100.0%          LazyCompile: ~trySelf internal/modules/cjs/loader.js:403:17
      1  100.0%            LazyCompile: ~Module._resolveFilename internal/modules/cjs/loader.js:747:35

      2    1.1%  std::ostream::sentry::sentry(std::ostream&)

      2    1.1%  node::fs::InternalModuleReadJSON(v8::FunctionCallbackInfo<v8::Value> const&)
      2  100.0%    v8::internal::Builtin_HandleApiCall(int, unsigned long*, v8::internal::Isolate*)
      2  100.0%      LazyCompile: ~read internal/modules/package_json_reader.js:14:14
      2  100.0%        LazyCompile: ~readPackage internal/modules/cjs/loader.js:251:21
      1   50.0%          LazyCompile: ~resolveExports internal/modules/cjs/loader.js:434:24
      1  100.0%            LazyCompile: ~Module._findPath internal/modules/cjs/loader.js:456:28
      1   50.0%          LazyCompile: ~readPackageScope internal/modules/cjs/loader.js:282:26
      1  100.0%            LazyCompile: ~Module._extensions..js internal/modules/cjs/loader.js:1024:37

      2    1.1%  fwrite
      2  100.0%    /home/user/ub/4a/softeng/nodejs/node-v12.19.0-linux-x64/bin/node
      1   50.0%      LazyCompile: ~emit events.js:262:44
      1  100.0%        LazyCompile: ~parserOnIncoming _http_server.js:716:26
      1  100.0%          LazyCompile: ~parserOnHeadersComplete _http_common.js:77:33
      1   50.0%      Eval: ~<anonymous> /home/user/ub/4a/softeng/development/is115/UBEats/backend/node_modules/morgan/index.js:1:1
      1  100.0%        LazyCompile: ~Module._compile internal/modules/cjs/loader.js:969:37
      1  100.0%          LazyCompile: ~Module._extensions..js internal/modules/cjs/loader.js:1024:37
      1  100.0%            LazyCompile: ~Module.load internal/modules/cjs/loader.js:867:33

      2    1.1%  do_futex_wait.constprop.0

      2    1.1%  __pthread_cond_timedwait

      2    1.1%  __GI___pthread_mutex_unlock

